<?xml version="1.0" encoding="UTF-8"?>
<testsuite name="org.openjena.jenasesame.TS_JenaSesame" tests="0" skipped="0" failures="0" errors="0" timestamp="1970-01-01T00:00:00" hostname="patsomaru-Precision-7520" time="0.0">
  <properties/>
  <system-out><![CDATA[]]></system-out>
  <system-err><![CDATA[SLF4J: Class path contains multiple SLF4J bindings.
SLF4J: Found binding in [jar:file:/home/patsomaru/.gradle/caches/modules-2/files-2.1/org.slf4j/slf4j-jdk14/1.7.21/168ee1e516a458bd80fb23caf2e512ed41e1e865/slf4j-jdk14-1.7.21.jar!/org/slf4j/impl/StaticLoggerBinder.class]
SLF4J: Found binding in [jar:file:/home/patsomaru/.gradle/caches/modules-2/files-2.1/org.slf4j/slf4j-log4j12/1.7.6/6953717b9850aeb26d1b8375ca07dbd9c50eca4e/slf4j-log4j12-1.7.6.jar!/org/slf4j/impl/StaticLoggerBinder.class]
SLF4J: Found binding in [jar:file:/home/patsomaru/.m2/repository/ch/qos/logback/logback-classic/1.1.11/logback-classic-1.1.11.jar!/org/slf4j/impl/StaticLoggerBinder.class]
SLF4J: See http://www.slf4j.org/codes.html#multiple_bindings for an explanation.
SLF4J: Actual binding is of type [org.slf4j.impl.JDK14LoggerFactory]
]]></system-err>
</testsuite>
